[2022-10-06 11:25:51 INFO]: install::setup-logging ended
================
[2022-10-06 11:25:51 INFO]: install::start-up started
[2022-10-06 11:25:51 INFO]: install::start-up starting services
[2022-10-06 11:25:51 INFO]: install::start-up ended
================
[2022-10-06 11:27:42 INFO]: install::root-check started
[2022-10-06 11:27:42 INFO]: install::root-check ended
================
[2022-10-06 11:27:42 INFO]: install::docker-check started
[2022-10-06 11:27:42 INFO]: install::docker-check ended
================
[2022-10-06 11:27:42 INFO]: install::docker-compose-check started
[2022-10-06 11:27:42 INFO]: install::docker-compose-check ended
================
[2022-10-06 11:27:42 INFO]: install::tear-down started
[2022-10-06 11:27:42 INFO]: install::tear-down starting services
[2022-10-06 11:27:42 INFO]: install::tear-down ended
================
[2022-10-06 11:18:18 INFO]: install::start-up ended
================
